{"/Users/xingvoong/Desktop/hack_reactor/fec/client/src/components/App.jsx": {"path":"/Users/xingvoong/Desktop/hack_reactor/fec/client/src/components/App.jsx","statementMap":{"0":{"start":{"line":11,"column":23},"end":{"line":11,"column":82}},"1":{"start":{"line":11,"column":34},"end":{"line":11,"column":81}},"2":{"start":{"line":12,"column":11},"end":{"line":12,"column":44}},"3":{"start":{"line":12,"column":22},"end":{"line":12,"column":43}},"4":{"start":{"line":13,"column":16},"end":{"line":13,"column":59}},"5":{"start":{"line":13,"column":27},"end":{"line":13,"column":58}},"6":{"start":{"line":15,"column":18},"end":{"line":22,"column":1}},"7":{"start":{"line":23,"column":12},"end":{"line":27,"column":1}},"8":{"start":{"line":29,"column":12},"end":{"line":43,"column":1}},"9":{"start":{"line":30,"column":48},"end":{"line":30,"column":63}},"10":{"start":{"line":32,"column":2},"end":{"line":42,"column":4}}},"fnMap":{"0":{"name":"(anonymous_0)","decl":{"start":{"line":11,"column":28},"end":{"line":11,"column":29}},"loc":{"start":{"line":11,"column":34},"end":{"line":11,"column":81}},"line":11},"1":{"name":"(anonymous_1)","decl":{"start":{"line":12,"column":16},"end":{"line":12,"column":17}},"loc":{"start":{"line":12,"column":22},"end":{"line":12,"column":43}},"line":12},"2":{"name":"(anonymous_2)","decl":{"start":{"line":13,"column":21},"end":{"line":13,"column":22}},"loc":{"start":{"line":13,"column":27},"end":{"line":13,"column":58}},"line":13},"3":{"name":"(anonymous_3)","decl":{"start":{"line":29,"column":12},"end":{"line":29,"column":13}},"loc":{"start":{"line":29,"column":23},"end":{"line":43,"column":1}},"line":29}},"branchMap":{},"s":{"0":1,"1":1,"2":1,"3":1,"4":1,"5":1,"6":1,"7":1,"8":1,"9":1,"10":1},"f":{"0":1,"1":1,"2":1,"3":1},"b":{},"_coverageSchema":"1a1c01bbd47fc00a2c39e90264f33305004495a9","hash":"c3be3935dd448af1fd4e06b31d6f1c3f0bf6558a"}
,"/Users/xingvoong/Desktop/hack_reactor/fec/client/src/components/Loading.jsx": {"path":"/Users/xingvoong/Desktop/hack_reactor/fec/client/src/components/Loading.jsx","statementMap":{"0":{"start":{"line":3,"column":16},"end":{"line":5,"column":1}},"1":{"start":{"line":4,"column":4},"end":{"line":4,"column":24}}},"fnMap":{"0":{"name":"(anonymous_0)","decl":{"start":{"line":3,"column":16},"end":{"line":3,"column":17}},"loc":{"start":{"line":4,"column":4},"end":{"line":4,"column":24}},"line":4}},"branchMap":{},"s":{"0":1,"1":3},"f":{"0":3},"b":{},"_coverageSchema":"1a1c01bbd47fc00a2c39e90264f33305004495a9","hash":"18340d86d30ef34c843d8a9bf86c809e6e8aa18a"}
,"/Users/xingvoong/Desktop/hack_reactor/fec/client/src/components/Header/Header.jsx": {"path":"/Users/xingvoong/Desktop/hack_reactor/fec/client/src/components/Header/Header.jsx","statementMap":{"0":{"start":{"line":4,"column":19},"end":{"line":11,"column":1}},"1":{"start":{"line":12,"column":13},"end":{"line":16,"column":1}},"2":{"start":{"line":18,"column":15},"end":{"line":24,"column":1}},"3":{"start":{"line":19,"column":2},"end":{"line":23,"column":3}}},"fnMap":{"0":{"name":"(anonymous_0)","decl":{"start":{"line":18,"column":15},"end":{"line":18,"column":16}},"loc":{"start":{"line":18,"column":21},"end":{"line":24,"column":1}},"line":18}},"branchMap":{},"s":{"0":1,"1":1,"2":1,"3":1},"f":{"0":1},"b":{},"_coverageSchema":"1a1c01bbd47fc00a2c39e90264f33305004495a9","hash":"8e4faea73eee7c8475e22c098504d3da9dd01266"}
,"/Users/xingvoong/Desktop/hack_reactor/fec/client/src/components/QA/QA.jsx": {"path":"/Users/xingvoong/Desktop/hack_reactor/fec/client/src/components/QA/QA.jsx","statementMap":{"0":{"start":{"line":8,"column":22},"end":{"line":8,"column":63}},"1":{"start":{"line":8,"column":33},"end":{"line":8,"column":62}},"2":{"start":{"line":11,"column":18},"end":{"line":13,"column":1}},"3":{"start":{"line":15,"column":18},"end":{"line":24,"column":1}},"4":{"start":{"line":26,"column":11},"end":{"line":65,"column":1}},"5":{"start":{"line":27,"column":36},"end":{"line":27,"column":48}},"6":{"start":{"line":28,"column":39},"end":{"line":28,"column":51}},"7":{"start":{"line":29,"column":30},"end":{"line":29,"column":45}},"8":{"start":{"line":31,"column":2},"end":{"line":39,"column":8}},"9":{"start":{"line":32,"column":4},"end":{"line":38,"column":7}},"10":{"start":{"line":34,"column":6},"end":{"line":34,"column":33}},"11":{"start":{"line":37,"column":6},"end":{"line":37,"column":25}},"12":{"start":{"line":41,"column":2},"end":{"line":45,"column":17}},"13":{"start":{"line":42,"column":26},"end":{"line":42,"column":99}},"14":{"start":{"line":42,"column":50},"end":{"line":42,"column":97}},"15":{"start":{"line":43,"column":4},"end":{"line":43,"column":31}},"16":{"start":{"line":44,"column":4},"end":{"line":44,"column":20}},"17":{"start":{"line":47,"column":2},"end":{"line":50,"column":25}},"18":{"start":{"line":52,"column":2},"end":{"line":64,"column":3}}},"fnMap":{"0":{"name":"(anonymous_0)","decl":{"start":{"line":8,"column":27},"end":{"line":8,"column":28}},"loc":{"start":{"line":8,"column":33},"end":{"line":8,"column":62}},"line":8},"1":{"name":"(anonymous_1)","decl":{"start":{"line":26,"column":11},"end":{"line":26,"column":12}},"loc":{"start":{"line":26,"column":35},"end":{"line":65,"column":1}},"line":26},"2":{"name":"(anonymous_2)","decl":{"start":{"line":31,"column":12},"end":{"line":31,"column":13}},"loc":{"start":{"line":31,"column":18},"end":{"line":39,"column":3}},"line":31},"3":{"name":"(anonymous_3)","decl":{"start":{"line":33,"column":10},"end":{"line":33,"column":11}},"loc":{"start":{"line":33,"column":22},"end":{"line":35,"column":5}},"line":33},"4":{"name":"(anonymous_4)","decl":{"start":{"line":36,"column":11},"end":{"line":36,"column":12}},"loc":{"start":{"line":36,"column":20},"end":{"line":38,"column":5}},"line":36},"5":{"name":"(anonymous_5)","decl":{"start":{"line":41,"column":12},"end":{"line":41,"column":13}},"loc":{"start":{"line":41,"column":18},"end":{"line":45,"column":3}},"line":41},"6":{"name":"(anonymous_6)","decl":{"start":{"line":42,"column":41},"end":{"line":42,"column":42}},"loc":{"start":{"line":42,"column":50},"end":{"line":42,"column":97}},"line":42},"7":{"name":"(anonymous_7)","decl":{"start":{"line":48,"column":4},"end":{"line":48,"column":5}},"loc":{"start":{"line":48,"column":10},"end":{"line":50,"column":5}},"line":48}},"branchMap":{"0":{"loc":{"start":{"line":57,"column":11},"end":{"line":59,"column":35}},"type":"cond-expr","locations":[{"start":{"line":58,"column":12},"end":{"line":58,"column":56}},{"start":{"line":59,"column":14},"end":{"line":59,"column":35}}],"line":57}},"s":{"0":1,"1":1,"2":1,"3":1,"4":1,"5":2,"6":2,"7":2,"8":2,"9":1,"10":0,"11":0,"12":2,"13":1,"14":0,"15":1,"16":1,"17":2,"18":2},"f":{"0":1,"1":2,"2":1,"3":0,"4":0,"5":1,"6":0,"7":1},"b":{"0":[1,1]},"_coverageSchema":"1a1c01bbd47fc00a2c39e90264f33305004495a9","hash":"55800acd0158d94225af2be1e97d3a5a07193cfc"}
,"/Users/xingvoong/Desktop/hack_reactor/fec/client/src/components/QA/QuestionsList.jsx": {"path":"/Users/xingvoong/Desktop/hack_reactor/fec/client/src/components/QA/QuestionsList.jsx","statementMap":{"0":{"start":{"line":7,"column":17},"end":{"line":7,"column":53}},"1":{"start":{"line":7,"column":28},"end":{"line":7,"column":52}},"2":{"start":{"line":9,"column":16},"end":{"line":14,"column":1}},"3":{"start":{"line":16,"column":14},"end":{"line":23,"column":1}},"4":{"start":{"line":26,"column":22},"end":{"line":94,"column":1}},"5":{"start":{"line":27,"column":28},"end":{"line":27,"column":39}},"6":{"start":{"line":28,"column":34},"end":{"line":28,"column":46}},"7":{"start":{"line":29,"column":30},"end":{"line":29,"column":45}},"8":{"start":{"line":33,"column":2},"end":{"line":36,"column":24}},"9":{"start":{"line":34,"column":16},"end":{"line":34,"column":41}},"10":{"start":{"line":35,"column":4},"end":{"line":35,"column":22}},"11":{"start":{"line":38,"column":2},"end":{"line":40,"column":16}},"12":{"start":{"line":39,"column":4},"end":{"line":39,"column":19}},"13":{"start":{"line":46,"column":20},"end":{"line":49,"column":3}},"14":{"start":{"line":47,"column":4},"end":{"line":47,"column":23}},"15":{"start":{"line":48,"column":4},"end":{"line":48,"column":42}},"16":{"start":{"line":48,"column":27},"end":{"line":48,"column":40}},"17":{"start":{"line":51,"column":20},"end":{"line":54,"column":3}},"18":{"start":{"line":52,"column":4},"end":{"line":52,"column":23}},"19":{"start":{"line":53,"column":4},"end":{"line":53,"column":15}},"20":{"start":{"line":58,"column":18},"end":{"line":75,"column":3}},"21":{"start":{"line":60,"column":4},"end":{"line":74,"column":5}},"22":{"start":{"line":61,"column":6},"end":{"line":61,"column":17}},"23":{"start":{"line":62,"column":11},"end":{"line":74,"column":5}},"24":{"start":{"line":63,"column":6},"end":{"line":67,"column":7}},"25":{"start":{"line":68,"column":11},"end":{"line":74,"column":5}},"26":{"start":{"line":69,"column":6},"end":{"line":73,"column":7}},"27":{"start":{"line":77,"column":2},"end":{"line":93,"column":3}},"28":{"start":{"line":82,"column":12},"end":{"line":82,"column":70}}},"fnMap":{"0":{"name":"(anonymous_0)","decl":{"start":{"line":7,"column":22},"end":{"line":7,"column":23}},"loc":{"start":{"line":7,"column":28},"end":{"line":7,"column":52}},"line":7},"1":{"name":"(anonymous_1)","decl":{"start":{"line":26,"column":22},"end":{"line":26,"column":23}},"loc":{"start":{"line":26,"column":39},"end":{"line":94,"column":1}},"line":26},"2":{"name":"(anonymous_2)","decl":{"start":{"line":33,"column":13},"end":{"line":33,"column":14}},"loc":{"start":{"line":33,"column":19},"end":{"line":36,"column":3}},"line":33},"3":{"name":"(anonymous_3)","decl":{"start":{"line":38,"column":13},"end":{"line":38,"column":14}},"loc":{"start":{"line":38,"column":19},"end":{"line":40,"column":3}},"line":38},"4":{"name":"(anonymous_4)","decl":{"start":{"line":46,"column":20},"end":{"line":46,"column":21}},"loc":{"start":{"line":46,"column":27},"end":{"line":49,"column":3}},"line":46},"5":{"name":"(anonymous_5)","decl":{"start":{"line":48,"column":13},"end":{"line":48,"column":14}},"loc":{"start":{"line":48,"column":27},"end":{"line":48,"column":40}},"line":48},"6":{"name":"(anonymous_6)","decl":{"start":{"line":51,"column":20},"end":{"line":51,"column":21}},"loc":{"start":{"line":51,"column":27},"end":{"line":54,"column":3}},"line":51},"7":{"name":"(anonymous_7)","decl":{"start":{"line":58,"column":18},"end":{"line":58,"column":19}},"loc":{"start":{"line":58,"column":24},"end":{"line":75,"column":3}},"line":58},"8":{"name":"(anonymous_8)","decl":{"start":{"line":81,"column":23},"end":{"line":81,"column":24}},"loc":{"start":{"line":82,"column":12},"end":{"line":82,"column":70}},"line":82}},"branchMap":{"0":{"loc":{"start":{"line":60,"column":4},"end":{"line":74,"column":5}},"type":"if","locations":[{"start":{"line":60,"column":4},"end":{"line":74,"column":5}},{"start":{"line":60,"column":4},"end":{"line":74,"column":5}}],"line":60},"1":{"loc":{"start":{"line":60,"column":8},"end":{"line":60,"column":54}},"type":"binary-expr","locations":[{"start":{"line":60,"column":8},"end":{"line":60,"column":30}},{"start":{"line":60,"column":34},"end":{"line":60,"column":54}}],"line":60},"2":{"loc":{"start":{"line":62,"column":11},"end":{"line":74,"column":5}},"type":"if","locations":[{"start":{"line":62,"column":11},"end":{"line":74,"column":5}},{"start":{"line":62,"column":11},"end":{"line":74,"column":5}}],"line":62},"3":{"loc":{"start":{"line":62,"column":15},"end":{"line":62,"column":64}},"type":"binary-expr","locations":[{"start":{"line":62,"column":15},"end":{"line":62,"column":35}},{"start":{"line":62,"column":39},"end":{"line":62,"column":64}}],"line":62},"4":{"loc":{"start":{"line":68,"column":11},"end":{"line":74,"column":5}},"type":"if","locations":[{"start":{"line":68,"column":11},"end":{"line":74,"column":5}},{"start":{"line":68,"column":11},"end":{"line":74,"column":5}}],"line":68},"5":{"loc":{"start":{"line":80,"column":8},"end":{"line":84,"column":14}},"type":"cond-expr","locations":[{"start":{"line":81,"column":10},"end":{"line":83,"column":12}},{"start":{"line":84,"column":10},"end":{"line":84,"column":14}}],"line":80}},"s":{"0":1,"1":0,"2":1,"3":1,"4":1,"5":0,"6":0,"7":0,"8":0,"9":0,"10":0,"11":0,"12":0,"13":0,"14":0,"15":0,"16":0,"17":0,"18":0,"19":0,"20":0,"21":0,"22":0,"23":0,"24":0,"25":0,"26":0,"27":0,"28":0},"f":{"0":0,"1":0,"2":0,"3":0,"4":0,"5":0,"6":0,"7":0,"8":0},"b":{"0":[0,0],"1":[0,0],"2":[0,0],"3":[0,0],"4":[0,0],"5":[0,0]},"_coverageSchema":"1a1c01bbd47fc00a2c39e90264f33305004495a9","hash":"714862968c30fde8af07690d0655bf434390bc15"}
,"/Users/xingvoong/Desktop/hack_reactor/fec/client/src/components/RelatedProducts/Carousel.jsx": {"path":"/Users/xingvoong/Desktop/hack_reactor/fec/client/src/components/RelatedProducts/Carousel.jsx","statementMap":{"0":{"start":{"line":7,"column":13},"end":{"line":7,"column":45}},"1":{"start":{"line":7,"column":24},"end":{"line":7,"column":44}},"2":{"start":{"line":9,"column":18},"end":{"line":15,"column":1}},"3":{"start":{"line":17,"column":21},"end":{"line":24,"column":1}},"4":{"start":{"line":25,"column":18},"end":{"line":31,"column":1}},"5":{"start":{"line":33,"column":21},"end":{"line":40,"column":1}},"6":{"start":{"line":42,"column":12},"end":{"line":46,"column":1}},"7":{"start":{"line":48,"column":18},"end":{"line":56,"column":1}},"8":{"start":{"line":58,"column":17},"end":{"line":105,"column":1}},"9":{"start":{"line":59,"column":40},"end":{"line":59,"column":51}},"10":{"start":{"line":61,"column":22},"end":{"line":68,"column":3}},"11":{"start":{"line":62,"column":4},"end":{"line":66,"column":5}},"12":{"start":{"line":63,"column":6},"end":{"line":63,"column":40}},"13":{"start":{"line":64,"column":11},"end":{"line":66,"column":5}},"14":{"start":{"line":65,"column":6},"end":{"line":65,"column":19}},"15":{"start":{"line":67,"column":4},"end":{"line":67,"column":29}},"16":{"start":{"line":70,"column":2},"end":{"line":104,"column":3}},"17":{"start":{"line":75,"column":14},"end":{"line":75,"column":33}},"18":{"start":{"line":76,"column":14},"end":{"line":76,"column":42}},"19":{"start":{"line":89,"column":18},"end":{"line":89,"column":95}},"20":{"start":{"line":96,"column":12},"end":{"line":96,"column":31}},"21":{"start":{"line":97,"column":12},"end":{"line":97,"column":40}}},"fnMap":{"0":{"name":"(anonymous_0)","decl":{"start":{"line":7,"column":18},"end":{"line":7,"column":19}},"loc":{"start":{"line":7,"column":24},"end":{"line":7,"column":44}},"line":7},"1":{"name":"(anonymous_1)","decl":{"start":{"line":58,"column":17},"end":{"line":58,"column":18}},"loc":{"start":{"line":58,"column":57},"end":{"line":105,"column":1}},"line":58},"2":{"name":"(anonymous_2)","decl":{"start":{"line":61,"column":22},"end":{"line":61,"column":23}},"loc":{"start":{"line":61,"column":36},"end":{"line":68,"column":3}},"line":61},"3":{"name":"(anonymous_3)","decl":{"start":{"line":74,"column":21},"end":{"line":74,"column":22}},"loc":{"start":{"line":74,"column":28},"end":{"line":77,"column":13}},"line":74},"4":{"name":"(anonymous_4)","decl":{"start":{"line":88,"column":33},"end":{"line":88,"column":34}},"loc":{"start":{"line":89,"column":18},"end":{"line":89,"column":95}},"line":89},"5":{"name":"(anonymous_5)","decl":{"start":{"line":95,"column":19},"end":{"line":95,"column":20}},"loc":{"start":{"line":95,"column":26},"end":{"line":98,"column":11}},"line":95}},"branchMap":{"0":{"loc":{"start":{"line":62,"column":4},"end":{"line":66,"column":5}},"type":"if","locations":[{"start":{"line":62,"column":4},"end":{"line":66,"column":5}},{"start":{"line":62,"column":4},"end":{"line":66,"column":5}}],"line":62},"1":{"loc":{"start":{"line":64,"column":11},"end":{"line":66,"column":5}},"type":"if","locations":[{"start":{"line":64,"column":11},"end":{"line":66,"column":5}},{"start":{"line":64,"column":11},"end":{"line":66,"column":5}}],"line":64},"2":{"loc":{"start":{"line":78,"column":22},"end":{"line":78,"column":64}},"type":"binary-expr","locations":[{"start":{"line":78,"column":22},"end":{"line":78,"column":44}},{"start":{"line":78,"column":48},"end":{"line":78,"column":64}}],"line":78},"3":{"loc":{"start":{"line":83,"column":14},"end":{"line":90,"column":16}},"type":"cond-expr","locations":[{"start":{"line":84,"column":14},"end":{"line":87,"column":26}},{"start":{"line":88,"column":16},"end":{"line":90,"column":16}}],"line":83},"4":{"loc":{"start":{"line":83,"column":14},"end":{"line":83,"column":50}},"type":"binary-expr","locations":[{"start":{"line":83,"column":14},"end":{"line":83,"column":38}},{"start":{"line":83,"column":42},"end":{"line":83,"column":50}}],"line":83},"5":{"loc":{"start":{"line":99,"column":20},"end":{"line":99,"column":81}},"type":"binary-expr","locations":[{"start":{"line":99,"column":20},"end":{"line":99,"column":42}},{"start":{"line":99,"column":46},"end":{"line":99,"column":81}}],"line":99}},"s":{"0":1,"1":0,"2":1,"3":1,"4":1,"5":1,"6":1,"7":1,"8":1,"9":0,"10":0,"11":0,"12":0,"13":0,"14":0,"15":0,"16":0,"17":0,"18":0,"19":0,"20":0,"21":0},"f":{"0":0,"1":0,"2":0,"3":0,"4":0,"5":0},"b":{"0":[0,0],"1":[0,0],"2":[0,0],"3":[0,0],"4":[0,0],"5":[0,0]},"_coverageSchema":"1a1c01bbd47fc00a2c39e90264f33305004495a9","hash":"09aabab57d2521c30972dcaa177aa98f902a0650"}
,"/Users/xingvoong/Desktop/hack_reactor/fec/client/src/components/RelatedProducts/RelatedContext.jsx": {"path":"/Users/xingvoong/Desktop/hack_reactor/fec/client/src/components/RelatedProducts/RelatedContext.jsx","statementMap":{"0":{"start":{"line":3,"column":23},"end":{"line":3,"column":38}}},"fnMap":{},"branchMap":{},"s":{"0":1},"f":{},"b":{},"_coverageSchema":"1a1c01bbd47fc00a2c39e90264f33305004495a9","hash":"ed2c849bd93a0931709def0b10304758d3b60c16"}
,"/Users/xingvoong/Desktop/hack_reactor/fec/client/src/components/RelatedProducts/RelatedProducts.jsx": {"path":"/Users/xingvoong/Desktop/hack_reactor/fec/client/src/components/RelatedProducts/RelatedProducts.jsx","statementMap":{"0":{"start":{"line":10,"column":17},"end":{"line":10,"column":53}},"1":{"start":{"line":10,"column":28},"end":{"line":10,"column":52}},"2":{"start":{"line":11,"column":14},"end":{"line":11,"column":47}},"3":{"start":{"line":11,"column":25},"end":{"line":11,"column":46}},"4":{"start":{"line":13,"column":18},"end":{"line":17,"column":1}},"5":{"start":{"line":19,"column":23},"end":{"line":26,"column":1}},"6":{"start":{"line":28,"column":23},"end":{"line":158,"column":1}},"7":{"start":{"line":31,"column":41},"end":{"line":31,"column":53}},"8":{"start":{"line":32,"column":37},"end":{"line":32,"column":49}},"9":{"start":{"line":33,"column":42},"end":{"line":33,"column":54}},"10":{"start":{"line":34,"column":30},"end":{"line":34,"column":45}},"11":{"start":{"line":35,"column":38},"end":{"line":35,"column":53}},"12":{"start":{"line":36,"column":42},"end":{"line":36,"column":54}},"13":{"start":{"line":37,"column":40},"end":{"line":37,"column":52}},"14":{"start":{"line":38,"column":40},"end":{"line":38,"column":52}},"15":{"start":{"line":40,"column":22},"end":{"line":58,"column":3}},"16":{"start":{"line":41,"column":4},"end":{"line":57,"column":5}},"17":{"start":{"line":42,"column":17},"end":{"line":42,"column":39}},"18":{"start":{"line":43,"column":16},"end":{"line":43,"column":36}},"19":{"start":{"line":44,"column":6},"end":{"line":53,"column":7}},"20":{"start":{"line":44,"column":18},"end":{"line":44,"column":19}},"21":{"start":{"line":45,"column":22},"end":{"line":45,"column":24}},"22":{"start":{"line":46,"column":8},"end":{"line":49,"column":9}},"23":{"start":{"line":46,"column":20},"end":{"line":46,"column":21}},"24":{"start":{"line":47,"column":25},"end":{"line":47,"column":79}},"25":{"start":{"line":48,"column":10},"end":{"line":48,"column":33}},"26":{"start":{"line":50,"column":8},"end":{"line":52,"column":11}},"27":{"start":{"line":51,"column":10},"end":{"line":51,"column":33}},"28":{"start":{"line":54,"column":6},"end":{"line":54,"column":28}},"29":{"start":{"line":56,"column":6},"end":{"line":56,"column":25}},"30":{"start":{"line":60,"column":25},"end":{"line":63,"column":3}},"31":{"start":{"line":61,"column":17},"end":{"line":61,"column":59}},"32":{"start":{"line":62,"column":4},"end":{"line":62,"column":25}},"33":{"start":{"line":65,"column":24},"end":{"line":80,"column":3}},"34":{"start":{"line":66,"column":4},"end":{"line":79,"column":5}},"35":{"start":{"line":67,"column":20},"end":{"line":73,"column":7}},"36":{"start":{"line":74,"column":19},"end":{"line":74,"column":39}},"37":{"start":{"line":76,"column":6},"end":{"line":76,"column":27}},"38":{"start":{"line":78,"column":6},"end":{"line":78,"column":23}},"39":{"start":{"line":84,"column":2},"end":{"line":96,"column":9}},"40":{"start":{"line":85,"column":4},"end":{"line":95,"column":7}},"41":{"start":{"line":87,"column":19},"end":{"line":87,"column":37}},"42":{"start":{"line":89,"column":6},"end":{"line":89,"column":25}},"43":{"start":{"line":90,"column":6},"end":{"line":90,"column":38}},"44":{"start":{"line":91,"column":6},"end":{"line":91,"column":39}},"45":{"start":{"line":94,"column":6},"end":{"line":94,"column":25}},"46":{"start":{"line":98,"column":2},"end":{"line":100,"column":25}},"47":{"start":{"line":99,"column":4},"end":{"line":99,"column":17}},"48":{"start":{"line":105,"column":20},"end":{"line":117,"column":3}},"49":{"start":{"line":106,"column":22},"end":{"line":106,"column":27}},"50":{"start":{"line":107,"column":4},"end":{"line":111,"column":5}},"51":{"start":{"line":107,"column":17},"end":{"line":107,"column":18}},"52":{"start":{"line":108,"column":6},"end":{"line":110,"column":7}},"53":{"start":{"line":109,"column":8},"end":{"line":109,"column":27}},"54":{"start":{"line":112,"column":4},"end":{"line":116,"column":5}},"55":{"start":{"line":113,"column":6},"end":{"line":115,"column":9}},"56":{"start":{"line":114,"column":8},"end":{"line":114,"column":33}},"57":{"start":{"line":119,"column":23},"end":{"line":131,"column":3}},"58":{"start":{"line":120,"column":4},"end":{"line":130,"column":5}},"59":{"start":{"line":120,"column":17},"end":{"line":120,"column":18}},"60":{"start":{"line":121,"column":6},"end":{"line":129,"column":7}},"61":{"start":{"line":122,"column":8},"end":{"line":122,"column":22}},"62":{"start":{"line":123,"column":13},"end":{"line":129,"column":7}},"63":{"start":{"line":124,"column":20},"end":{"line":124,"column":45}},"64":{"start":{"line":125,"column":19},"end":{"line":125,"column":67}},"65":{"start":{"line":126,"column":24},"end":{"line":126,"column":42}},"66":{"start":{"line":127,"column":8},"end":{"line":127,"column":29}},"67":{"start":{"line":128,"column":8},"end":{"line":128,"column":14}},"68":{"start":{"line":133,"column":2},"end":{"line":157,"column":3}}},"fnMap":{"0":{"name":"(anonymous_0)","decl":{"start":{"line":10,"column":22},"end":{"line":10,"column":23}},"loc":{"start":{"line":10,"column":28},"end":{"line":10,"column":52}},"line":10},"1":{"name":"(anonymous_1)","decl":{"start":{"line":11,"column":19},"end":{"line":11,"column":20}},"loc":{"start":{"line":11,"column":25},"end":{"line":11,"column":46}},"line":11},"2":{"name":"(anonymous_2)","decl":{"start":{"line":28,"column":23},"end":{"line":28,"column":24}},"loc":{"start":{"line":28,"column":47},"end":{"line":158,"column":1}},"line":28},"3":{"name":"(anonymous_3)","decl":{"start":{"line":40,"column":22},"end":{"line":40,"column":23}},"loc":{"start":{"line":40,"column":34},"end":{"line":58,"column":3}},"line":40},"4":{"name":"(anonymous_4)","decl":{"start":{"line":50,"column":26},"end":{"line":50,"column":27}},"loc":{"start":{"line":51,"column":10},"end":{"line":51,"column":33}},"line":51},"5":{"name":"(anonymous_5)","decl":{"start":{"line":60,"column":25},"end":{"line":60,"column":26}},"loc":{"start":{"line":60,"column":47},"end":{"line":63,"column":3}},"line":60},"6":{"name":"(anonymous_6)","decl":{"start":{"line":65,"column":24},"end":{"line":65,"column":25}},"loc":{"start":{"line":65,"column":46},"end":{"line":80,"column":3}},"line":65},"7":{"name":"(anonymous_7)","decl":{"start":{"line":84,"column":12},"end":{"line":84,"column":13}},"loc":{"start":{"line":84,"column":18},"end":{"line":96,"column":3}},"line":84},"8":{"name":"(anonymous_8)","decl":{"start":{"line":86,"column":10},"end":{"line":86,"column":11}},"loc":{"start":{"line":86,"column":22},"end":{"line":92,"column":5}},"line":86},"9":{"name":"(anonymous_9)","decl":{"start":{"line":93,"column":11},"end":{"line":93,"column":12}},"loc":{"start":{"line":93,"column":20},"end":{"line":95,"column":5}},"line":93},"10":{"name":"(anonymous_10)","decl":{"start":{"line":98,"column":12},"end":{"line":98,"column":13}},"loc":{"start":{"line":98,"column":18},"end":{"line":100,"column":3}},"line":98},"11":{"name":"(anonymous_11)","decl":{"start":{"line":105,"column":20},"end":{"line":105,"column":21}},"loc":{"start":{"line":105,"column":35},"end":{"line":117,"column":3}},"line":105},"12":{"name":"(anonymous_12)","decl":{"start":{"line":113,"column":16},"end":{"line":113,"column":17}},"loc":{"start":{"line":114,"column":8},"end":{"line":114,"column":33}},"line":114},"13":{"name":"(anonymous_13)","decl":{"start":{"line":119,"column":23},"end":{"line":119,"column":24}},"loc":{"start":{"line":119,"column":40},"end":{"line":131,"column":3}},"line":119}},"branchMap":{"0":{"loc":{"start":{"line":108,"column":6},"end":{"line":110,"column":7}},"type":"if","locations":[{"start":{"line":108,"column":6},"end":{"line":110,"column":7}},{"start":{"line":108,"column":6},"end":{"line":110,"column":7}}],"line":108},"1":{"loc":{"start":{"line":112,"column":4},"end":{"line":116,"column":5}},"type":"if","locations":[{"start":{"line":112,"column":4},"end":{"line":116,"column":5}},{"start":{"line":112,"column":4},"end":{"line":116,"column":5}}],"line":112},"2":{"loc":{"start":{"line":121,"column":6},"end":{"line":129,"column":7}},"type":"if","locations":[{"start":{"line":121,"column":6},"end":{"line":129,"column":7}},{"start":{"line":121,"column":6},"end":{"line":129,"column":7}}],"line":121},"3":{"loc":{"start":{"line":123,"column":13},"end":{"line":129,"column":7}},"type":"if","locations":[{"start":{"line":123,"column":13},"end":{"line":129,"column":7}},{"start":{"line":123,"column":13},"end":{"line":129,"column":7}}],"line":123},"4":{"loc":{"start":{"line":138,"column":12},"end":{"line":142,"column":18}},"type":"cond-expr","locations":[{"start":{"line":139,"column":12},"end":{"line":141,"column":29}},{"start":{"line":142,"column":14},"end":{"line":142,"column":18}}],"line":138},"5":{"loc":{"start":{"line":145,"column":12},"end":{"line":152,"column":37}},"type":"cond-expr","locations":[{"start":{"line":146,"column":12},"end":{"line":151,"column":18}},{"start":{"line":152,"column":14},"end":{"line":152,"column":37}}],"line":145}},"s":{"0":1,"1":1,"2":1,"3":0,"4":1,"5":1,"6":1,"7":2,"8":2,"9":2,"10":2,"11":2,"12":2,"13":2,"14":2,"15":2,"16":1,"17":1,"18":1,"19":1,"20":1,"21":0,"22":0,"23":0,"24":0,"25":0,"26":0,"27":0,"28":1,"29":0,"30":2,"31":0,"32":0,"33":2,"34":0,"35":0,"36":0,"37":0,"38":0,"39":2,"40":1,"41":0,"42":0,"43":0,"44":0,"45":0,"46":2,"47":1,"48":2,"49":0,"50":0,"51":0,"52":0,"53":0,"54":0,"55":0,"56":0,"57":2,"58":0,"59":0,"60":0,"61":0,"62":0,"63":0,"64":0,"65":0,"66":0,"67":0,"68":2},"f":{"0":1,"1":0,"2":2,"3":1,"4":0,"5":0,"6":0,"7":1,"8":0,"9":0,"10":1,"11":0,"12":0,"13":0},"b":{"0":[0,0],"1":[0,0],"2":[0,0],"3":[0,0],"4":[0,2],"5":[1,1]},"_coverageSchema":"1a1c01bbd47fc00a2c39e90264f33305004495a9","hash":"9f0941ddbdba83aebd5219fe7fdf8ea50cab2a7b"}
,"/Users/xingvoong/Desktop/hack_reactor/fec/client/src/components/Reviews/Reviews.jsx": {"path":"/Users/xingvoong/Desktop/hack_reactor/fec/client/src/components/Reviews/Reviews.jsx","statementMap":{"0":{"start":{"line":6,"column":18},"end":{"line":10,"column":1}},"1":{"start":{"line":11,"column":25},"end":{"line":16,"column":1}},"2":{"start":{"line":20,"column":4},"end":{"line":20,"column":17}},"3":{"start":{"line":21,"column":4},"end":{"line":23,"column":6}},"4":{"start":{"line":24,"column":4},"end":{"line":24,"column":49}},"5":{"start":{"line":28,"column":4},"end":{"line":30,"column":7}},"6":{"start":{"line":34,"column":4},"end":{"line":42,"column":6}}},"fnMap":{"0":{"name":"(anonymous_0)","decl":{"start":{"line":19,"column":2},"end":{"line":19,"column":3}},"loc":{"start":{"line":19,"column":21},"end":{"line":25,"column":3}},"line":19},"1":{"name":"(anonymous_1)","decl":{"start":{"line":27,"column":2},"end":{"line":27,"column":3}},"loc":{"start":{"line":27,"column":28},"end":{"line":31,"column":3}},"line":27},"2":{"name":"(anonymous_2)","decl":{"start":{"line":33,"column":2},"end":{"line":33,"column":3}},"loc":{"start":{"line":33,"column":11},"end":{"line":43,"column":3}},"line":33}},"branchMap":{},"s":{"0":1,"1":1,"2":2,"3":2,"4":2,"5":0,"6":2},"f":{"0":2,"1":0,"2":2},"b":{},"_coverageSchema":"1a1c01bbd47fc00a2c39e90264f33305004495a9","hash":"63a21b7e82742e8e5ab4d3458a1ade2dedc3bca3"}
,"/Users/xingvoong/Desktop/hack_reactor/fec/client/src/components/Reviews/Styles.jsx": {"path":"/Users/xingvoong/Desktop/hack_reactor/fec/client/src/components/Reviews/Styles.jsx","statementMap":{"0":{"start":{"line":3,"column":14},"end":{"line":16,"column":1}},"1":{"start":{"line":12,"column":58},"end":{"line":12,"column":70}},"2":{"start":{"line":12,"column":92},"end":{"line":12,"column":104}}},"fnMap":{"0":{"name":"(anonymous_0)","decl":{"start":{"line":12,"column":49},"end":{"line":12,"column":50}},"loc":{"start":{"line":12,"column":58},"end":{"line":12,"column":70}},"line":12},"1":{"name":"(anonymous_1)","decl":{"start":{"line":12,"column":83},"end":{"line":12,"column":84}},"loc":{"start":{"line":12,"column":92},"end":{"line":12,"column":104}},"line":12}},"branchMap":{},"s":{"0":1,"1":2,"2":2},"f":{"0":2,"1":2},"b":{},"_coverageSchema":"1a1c01bbd47fc00a2c39e90264f33305004495a9","hash":"f62f57a5168ac09cdc4f6faac3a9bbdcb6cbff4f"}
,"/Users/xingvoong/Desktop/hack_reactor/fec/client/src/components/Reviews/RatingBreakdown/Bar.jsx": {"path":"/Users/xingvoong/Desktop/hack_reactor/fec/client/src/components/Reviews/RatingBreakdown/Bar.jsx","statementMap":{"0":{"start":{"line":4,"column":22},"end":{"line":12,"column":1}},"1":{"start":{"line":14,"column":25},"end":{"line":24,"column":1}},"2":{"start":{"line":26,"column":20},"end":{"line":31,"column":1}},"3":{"start":{"line":33,"column":21},"end":{"line":36,"column":1}},"4":{"start":{"line":41,"column":4},"end":{"line":41,"column":17}},"5":{"start":{"line":42,"column":4},"end":{"line":45,"column":6}},"6":{"start":{"line":46,"column":4},"end":{"line":46,"column":51}},"7":{"start":{"line":50,"column":4},"end":{"line":50,"column":72}},"8":{"start":{"line":51,"column":4},"end":{"line":53,"column":8}},"9":{"start":{"line":51,"column":30},"end":{"line":53,"column":5}},"10":{"start":{"line":58,"column":20},"end":{"line":62,"column":5}},"11":{"start":{"line":64,"column":4},"end":{"line":75,"column":6}}},"fnMap":{"0":{"name":"(anonymous_0)","decl":{"start":{"line":40,"column":2},"end":{"line":40,"column":3}},"loc":{"start":{"line":40,"column":21},"end":{"line":47,"column":3}},"line":40},"1":{"name":"(anonymous_1)","decl":{"start":{"line":49,"column":2},"end":{"line":49,"column":3}},"loc":{"start":{"line":49,"column":16},"end":{"line":54,"column":3}},"line":49},"2":{"name":"(anonymous_2)","decl":{"start":{"line":51,"column":18},"end":{"line":51,"column":19}},"loc":{"start":{"line":51,"column":30},"end":{"line":53,"column":5}},"line":51},"3":{"name":"(anonymous_3)","decl":{"start":{"line":56,"column":2},"end":{"line":56,"column":3}},"loc":{"start":{"line":56,"column":11},"end":{"line":76,"column":3}},"line":56}},"branchMap":{},"s":{"0":1,"1":1,"2":1,"3":1,"4":0,"5":0,"6":0,"7":0,"8":0,"9":0,"10":0,"11":0},"f":{"0":0,"1":0,"2":0,"3":0},"b":{},"_coverageSchema":"1a1c01bbd47fc00a2c39e90264f33305004495a9","hash":"23d9358986b51f062a38fa6a4f843e48bf62179d"}
,"/Users/xingvoong/Desktop/hack_reactor/fec/client/src/components/Reviews/RatingBreakdown/Breakdown.jsx": {"path":"/Users/xingvoong/Desktop/hack_reactor/fec/client/src/components/Reviews/RatingBreakdown/Breakdown.jsx","statementMap":{"0":{"start":{"line":7,"column":4},"end":{"line":7,"column":17}},"1":{"start":{"line":8,"column":4},"end":{"line":10,"column":6}},"2":{"start":{"line":14,"column":4},"end":{"line":16,"column":6}},"3":{"start":{"line":20,"column":4},"end":{"line":35,"column":5}},"4":{"start":{"line":21,"column":6},"end":{"line":30,"column":8}},"5":{"start":{"line":24,"column":12},"end":{"line":27,"column":14}},"6":{"start":{"line":32,"column":6},"end":{"line":34,"column":8}}},"fnMap":{"0":{"name":"(anonymous_0)","decl":{"start":{"line":6,"column":2},"end":{"line":6,"column":3}},"loc":{"start":{"line":6,"column":21},"end":{"line":11,"column":3}},"line":6},"1":{"name":"(anonymous_1)","decl":{"start":{"line":13,"column":2},"end":{"line":13,"column":3}},"loc":{"start":{"line":13,"column":48},"end":{"line":17,"column":3}},"line":13},"2":{"name":"(anonymous_2)","decl":{"start":{"line":19,"column":2},"end":{"line":19,"column":3}},"loc":{"start":{"line":19,"column":11},"end":{"line":36,"column":3}},"line":19},"3":{"name":"(anonymous_3)","decl":{"start":{"line":23,"column":37},"end":{"line":23,"column":38}},"loc":{"start":{"line":24,"column":12},"end":{"line":27,"column":14}},"line":24}},"branchMap":{"0":{"loc":{"start":{"line":20,"column":4},"end":{"line":35,"column":5}},"type":"if","locations":[{"start":{"line":20,"column":4},"end":{"line":35,"column":5}},{"start":{"line":20,"column":4},"end":{"line":35,"column":5}}],"line":20}},"s":{"0":2,"1":2,"2":2,"3":2,"4":0,"5":0,"6":2},"f":{"0":2,"1":2,"2":2,"3":0},"b":{"0":[0,2]},"_coverageSchema":"1a1c01bbd47fc00a2c39e90264f33305004495a9","hash":"7125ca8b8ac69031fe5656c67ce9bca1c2db57db"}
,"/Users/xingvoong/Desktop/hack_reactor/fec/client/src/components/Reviews/RatingBreakdown/Characteristics.jsx": {"path":"/Users/xingvoong/Desktop/hack_reactor/fec/client/src/components/Reviews/RatingBreakdown/Characteristics.jsx","statementMap":{"0":{"start":{"line":6,"column":18},"end":{"line":8,"column":1}},"1":{"start":{"line":10,"column":29},"end":{"line":12,"column":1}},"2":{"start":{"line":13,"column":22},"end":{"line":28,"column":1}},"3":{"start":{"line":15,"column":18},"end":{"line":15,"column":49}},"4":{"start":{"line":16,"column":2},"end":{"line":27,"column":4}},"5":{"start":{"line":20,"column":10},"end":{"line":23,"column":12}}},"fnMap":{"0":{"name":"(anonymous_0)","decl":{"start":{"line":13,"column":22},"end":{"line":13,"column":23}},"loc":{"start":{"line":13,"column":45},"end":{"line":28,"column":1}},"line":13},"1":{"name":"(anonymous_1)","decl":{"start":{"line":19,"column":23},"end":{"line":19,"column":24}},"loc":{"start":{"line":20,"column":10},"end":{"line":23,"column":12}},"line":20}},"branchMap":{},"s":{"0":1,"1":1,"2":1,"3":2,"4":2,"5":0},"f":{"0":2,"1":0},"b":{},"_coverageSchema":"1a1c01bbd47fc00a2c39e90264f33305004495a9","hash":"f4e51c4e6154744e60d754e03142f323af3bd31c"}
,"/Users/xingvoong/Desktop/hack_reactor/fec/client/src/components/Reviews/RatingBreakdown/FactorBar.jsx": {"path":"/Users/xingvoong/Desktop/hack_reactor/fec/client/src/components/Reviews/RatingBreakdown/FactorBar.jsx","statementMap":{"0":{"start":{"line":7,"column":18},"end":{"line":11,"column":3}},"1":{"start":{"line":7,"column":41},"end":{"line":11,"column":1}},"2":{"start":{"line":13,"column":14},"end":{"line":98,"column":1}},"3":{"start":{"line":100,"column":20},"end":{"line":130,"column":10}},"4":{"start":{"line":133,"column":18},"end":{"line":133,"column":29}},"5":{"start":{"line":134,"column":12},"end":{"line":134,"column":59}},"6":{"start":{"line":135,"column":2},"end":{"line":152,"column":4}}},"fnMap":{"0":{"name":"(anonymous_0)","decl":{"start":{"line":7,"column":29},"end":{"line":7,"column":30}},"loc":{"start":{"line":7,"column":41},"end":{"line":11,"column":1}},"line":7},"1":{"name":"FactorBar","decl":{"start":{"line":132,"column":24},"end":{"line":132,"column":33}},"loc":{"start":{"line":132,"column":41},"end":{"line":153,"column":1}},"line":132}},"branchMap":{},"s":{"0":1,"1":0,"2":1,"3":1,"4":0,"5":0,"6":0},"f":{"0":0,"1":0},"b":{},"_coverageSchema":"1a1c01bbd47fc00a2c39e90264f33305004495a9","hash":"a02d0e3f2053daa7ece5c9476b8d9a04a2d97d10"}
,"/Users/xingvoong/Desktop/hack_reactor/fec/client/src/components/Reviews/RatingBreakdown/RatingBreakdown.jsx": {"path":"/Users/xingvoong/Desktop/hack_reactor/fec/client/src/components/Reviews/RatingBreakdown/RatingBreakdown.jsx","statementMap":{"0":{"start":{"line":10,"column":16},"end":{"line":13,"column":1}},"1":{"start":{"line":15,"column":21},"end":{"line":18,"column":1}},"2":{"start":{"line":20,"column":24},"end":{"line":25,"column":1}},"3":{"start":{"line":27,"column":28},"end":{"line":29,"column":1}},"4":{"start":{"line":33,"column":4},"end":{"line":33,"column":17}},"5":{"start":{"line":34,"column":4},"end":{"line":40,"column":6}},"6":{"start":{"line":41,"column":4},"end":{"line":41,"column":57}},"7":{"start":{"line":42,"column":4},"end":{"line":42,"column":41}},"8":{"start":{"line":46,"column":4},"end":{"line":56,"column":40}},"9":{"start":{"line":54,"column":8},"end":{"line":54,"column":23}},"10":{"start":{"line":56,"column":22},"end":{"line":56,"column":38}},"11":{"start":{"line":60,"column":18},"end":{"line":60,"column":35}},"12":{"start":{"line":61,"column":16},"end":{"line":61,"column":17}},"13":{"start":{"line":62,"column":16},"end":{"line":62,"column":17}},"14":{"start":{"line":63,"column":20},"end":{"line":63,"column":56}},"15":{"start":{"line":64,"column":21},"end":{"line":64,"column":58}},"16":{"start":{"line":65,"column":25},"end":{"line":65,"column":27}},"17":{"start":{"line":67,"column":4},"end":{"line":70,"column":5}},"18":{"start":{"line":68,"column":6},"end":{"line":68,"column":38}},"19":{"start":{"line":69,"column":6},"end":{"line":69,"column":46}},"20":{"start":{"line":72,"column":4},"end":{"line":78,"column":5}},"21":{"start":{"line":72,"column":17},"end":{"line":72,"column":18}},"22":{"start":{"line":73,"column":6},"end":{"line":77,"column":7}},"23":{"start":{"line":74,"column":8},"end":{"line":74,"column":93}},"24":{"start":{"line":76,"column":8},"end":{"line":76,"column":41}},"25":{"start":{"line":80,"column":4},"end":{"line":86,"column":7}},"26":{"start":{"line":90,"column":4},"end":{"line":90,"column":66}},"27":{"start":{"line":94,"column":4},"end":{"line":112,"column":6}}},"fnMap":{"0":{"name":"(anonymous_0)","decl":{"start":{"line":32,"column":2},"end":{"line":32,"column":3}},"loc":{"start":{"line":32,"column":21},"end":{"line":43,"column":3}},"line":32},"1":{"name":"(anonymous_1)","decl":{"start":{"line":45,"column":2},"end":{"line":45,"column":3}},"loc":{"start":{"line":45,"column":39},"end":{"line":57,"column":3}},"line":45},"2":{"name":"(anonymous_2)","decl":{"start":{"line":53,"column":12},"end":{"line":53,"column":13}},"loc":{"start":{"line":53,"column":22},"end":{"line":55,"column":7}},"line":53},"3":{"name":"(anonymous_3)","decl":{"start":{"line":56,"column":13},"end":{"line":56,"column":14}},"loc":{"start":{"line":56,"column":22},"end":{"line":56,"column":38}},"line":56},"4":{"name":"(anonymous_4)","decl":{"start":{"line":59,"column":2},"end":{"line":59,"column":3}},"loc":{"start":{"line":59,"column":15},"end":{"line":87,"column":3}},"line":59},"5":{"name":"(anonymous_5)","decl":{"start":{"line":89,"column":2},"end":{"line":89,"column":3}},"loc":{"start":{"line":89,"column":22},"end":{"line":91,"column":3}},"line":89},"6":{"name":"(anonymous_6)","decl":{"start":{"line":93,"column":2},"end":{"line":93,"column":3}},"loc":{"start":{"line":93,"column":11},"end":{"line":113,"column":3}},"line":93}},"branchMap":{"0":{"loc":{"start":{"line":73,"column":6},"end":{"line":77,"column":7}},"type":"if","locations":[{"start":{"line":73,"column":6},"end":{"line":77,"column":7}},{"start":{"line":73,"column":6},"end":{"line":77,"column":7}}],"line":73}},"s":{"0":1,"1":1,"2":1,"3":1,"4":2,"5":2,"6":2,"7":2,"8":2,"9":0,"10":0,"11":0,"12":0,"13":0,"14":0,"15":0,"16":0,"17":0,"18":0,"19":0,"20":0,"21":0,"22":0,"23":0,"24":0,"25":0,"26":2,"27":2},"f":{"0":2,"1":2,"2":0,"3":0,"4":0,"5":2,"6":2},"b":{"0":[0,0]},"_coverageSchema":"1a1c01bbd47fc00a2c39e90264f33305004495a9","hash":"fc27d70c7cc8805f107f3df15f66f325758e5639"}
,"/Users/xingvoong/Desktop/hack_reactor/fec/client/src/components/Reviews/ReviewList/Photo.jsx": {"path":"/Users/xingvoong/Desktop/hack_reactor/fec/client/src/components/Reviews/ReviewList/Photo.jsx","statementMap":{"0":{"start":{"line":7,"column":16},"end":{"line":13,"column":1}},"1":{"start":{"line":17,"column":4},"end":{"line":17,"column":17}},"2":{"start":{"line":19,"column":4},"end":{"line":22,"column":6}},"3":{"start":{"line":26,"column":19},"end":{"line":26,"column":41}},"4":{"start":{"line":27,"column":35},"end":{"line":27,"column":45}},"5":{"start":{"line":29,"column":4},"end":{"line":48,"column":6}},"6":{"start":{"line":32,"column":46},"end":{"line":32,"column":77}},"7":{"start":{"line":44,"column":34},"end":{"line":44,"column":66}}},"fnMap":{"0":{"name":"(anonymous_0)","decl":{"start":{"line":16,"column":2},"end":{"line":16,"column":3}},"loc":{"start":{"line":16,"column":21},"end":{"line":23,"column":3}},"line":16},"1":{"name":"(anonymous_1)","decl":{"start":{"line":25,"column":2},"end":{"line":25,"column":3}},"loc":{"start":{"line":25,"column":11},"end":{"line":49,"column":3}},"line":25},"2":{"name":"(anonymous_2)","decl":{"start":{"line":32,"column":40},"end":{"line":32,"column":41}},"loc":{"start":{"line":32,"column":46},"end":{"line":32,"column":77}},"line":32},"3":{"name":"(anonymous_3)","decl":{"start":{"line":44,"column":28},"end":{"line":44,"column":29}},"loc":{"start":{"line":44,"column":34},"end":{"line":44,"column":66}},"line":44}},"branchMap":{"0":{"loc":{"start":{"line":41,"column":9},"end":{"line":46,"column":9}},"type":"binary-expr","locations":[{"start":{"line":41,"column":9},"end":{"line":41,"column":15}},{"start":{"line":42,"column":10},"end":{"line":45,"column":12}}],"line":41}},"s":{"0":1,"1":0,"2":0,"3":0,"4":0,"5":0,"6":0,"7":0},"f":{"0":0,"1":0,"2":0,"3":0},"b":{"0":[0,0]},"_coverageSchema":"1a1c01bbd47fc00a2c39e90264f33305004495a9","hash":"70e48a480533f650f6e780090ac58d237892cf73"}
,"/Users/xingvoong/Desktop/hack_reactor/fec/client/src/components/Reviews/ReviewList/ReviewList.jsx": {"path":"/Users/xingvoong/Desktop/hack_reactor/fec/client/src/components/Reviews/ReviewList/ReviewList.jsx","statementMap":{"0":{"start":{"line":9,"column":23},"end":{"line":11,"column":1}},"1":{"start":{"line":13,"column":30},"end":{"line":21,"column":1}},"2":{"start":{"line":23,"column":15},"end":{"line":32,"column":1}},"3":{"start":{"line":34,"column":26},"end":{"line":38,"column":1}},"4":{"start":{"line":42,"column":4},"end":{"line":42,"column":17}},"5":{"start":{"line":43,"column":4},"end":{"line":49,"column":6}},"6":{"start":{"line":50,"column":4},"end":{"line":50,"column":49}},"7":{"start":{"line":51,"column":4},"end":{"line":51,"column":61}},"8":{"start":{"line":52,"column":4},"end":{"line":52,"column":53}},"9":{"start":{"line":53,"column":4},"end":{"line":53,"column":53}},"10":{"start":{"line":57,"column":4},"end":{"line":59,"column":6}},"11":{"start":{"line":63,"column":16},"end":{"line":63,"column":38}},"12":{"start":{"line":64,"column":18},"end":{"line":64,"column":55}},"13":{"start":{"line":65,"column":4},"end":{"line":70,"column":7}},"14":{"start":{"line":66,"column":6},"end":{"line":69,"column":8}},"15":{"start":{"line":74,"column":19},"end":{"line":74,"column":21}},"16":{"start":{"line":75,"column":4},"end":{"line":79,"column":5}},"17":{"start":{"line":75,"column":17},"end":{"line":75,"column":18}},"18":{"start":{"line":76,"column":6},"end":{"line":78,"column":7}},"19":{"start":{"line":77,"column":8},"end":{"line":77,"column":38}},"20":{"start":{"line":81,"column":4},"end":{"line":81,"column":23}},"21":{"start":{"line":85,"column":4},"end":{"line":101,"column":9}},"22":{"start":{"line":93,"column":8},"end":{"line":97,"column":11}},"23":{"start":{"line":100,"column":8},"end":{"line":100,"column":25}},"24":{"start":{"line":106,"column":27},"end":{"line":106,"column":79}},"25":{"start":{"line":107,"column":22},"end":{"line":107,"column":74}},"26":{"start":{"line":109,"column":4},"end":{"line":122,"column":5}},"27":{"start":{"line":111,"column":6},"end":{"line":116,"column":9}},"28":{"start":{"line":112,"column":8},"end":{"line":115,"column":11}},"29":{"start":{"line":117,"column":11},"end":{"line":122,"column":5}},"30":{"start":{"line":118,"column":6},"end":{"line":121,"column":9}},"31":{"start":{"line":126,"column":4},"end":{"line":126,"column":49}},"32":{"start":{"line":130,"column":4},"end":{"line":137,"column":5}},"33":{"start":{"line":132,"column":6},"end":{"line":136,"column":8}},"34":{"start":{"line":141,"column":4},"end":{"line":158,"column":6}},"35":{"start":{"line":146,"column":12},"end":{"line":146,"column":69}}},"fnMap":{"0":{"name":"(anonymous_0)","decl":{"start":{"line":41,"column":2},"end":{"line":41,"column":3}},"loc":{"start":{"line":41,"column":21},"end":{"line":54,"column":3}},"line":41},"1":{"name":"(anonymous_1)","decl":{"start":{"line":56,"column":2},"end":{"line":56,"column":3}},"loc":{"start":{"line":56,"column":48},"end":{"line":60,"column":3}},"line":56},"2":{"name":"(anonymous_2)","decl":{"start":{"line":62,"column":2},"end":{"line":62,"column":3}},"loc":{"start":{"line":62,"column":21},"end":{"line":71,"column":3}},"line":62},"3":{"name":"(anonymous_3)","decl":{"start":{"line":65,"column":18},"end":{"line":65,"column":19}},"loc":{"start":{"line":65,"column":29},"end":{"line":70,"column":5}},"line":65},"4":{"name":"(anonymous_4)","decl":{"start":{"line":73,"column":2},"end":{"line":73,"column":3}},"loc":{"start":{"line":73,"column":44},"end":{"line":82,"column":3}},"line":73},"5":{"name":"(anonymous_5)","decl":{"start":{"line":84,"column":2},"end":{"line":84,"column":3}},"loc":{"start":{"line":84,"column":17},"end":{"line":102,"column":3}},"line":84},"6":{"name":"(anonymous_6)","decl":{"start":{"line":92,"column":12},"end":{"line":92,"column":13}},"loc":{"start":{"line":92,"column":24},"end":{"line":98,"column":7}},"line":92},"7":{"name":"(anonymous_7)","decl":{"start":{"line":99,"column":13},"end":{"line":99,"column":14}},"loc":{"start":{"line":99,"column":22},"end":{"line":101,"column":7}},"line":99},"8":{"name":"(anonymous_8)","decl":{"start":{"line":105,"column":2},"end":{"line":105,"column":3}},"loc":{"start":{"line":105,"column":43},"end":{"line":123,"column":3}},"line":105},"9":{"name":"(anonymous_9)","decl":{"start":{"line":111,"column":73},"end":{"line":111,"column":74}},"loc":{"start":{"line":111,"column":83},"end":{"line":116,"column":7}},"line":111},"10":{"name":"(anonymous_10)","decl":{"start":{"line":125,"column":2},"end":{"line":125,"column":3}},"loc":{"start":{"line":125,"column":22},"end":{"line":127,"column":3}},"line":125},"11":{"name":"(anonymous_11)","decl":{"start":{"line":129,"column":2},"end":{"line":129,"column":3}},"loc":{"start":{"line":129,"column":17},"end":{"line":138,"column":3}},"line":129},"12":{"name":"(anonymous_12)","decl":{"start":{"line":140,"column":2},"end":{"line":140,"column":3}},"loc":{"start":{"line":140,"column":11},"end":{"line":159,"column":3}},"line":140},"13":{"name":"(anonymous_13)","decl":{"start":{"line":145,"column":34},"end":{"line":145,"column":35}},"loc":{"start":{"line":146,"column":12},"end":{"line":146,"column":69}},"line":146}},"branchMap":{"0":{"loc":{"start":{"line":76,"column":6},"end":{"line":78,"column":7}},"type":"if","locations":[{"start":{"line":76,"column":6},"end":{"line":78,"column":7}},{"start":{"line":76,"column":6},"end":{"line":78,"column":7}}],"line":76},"1":{"loc":{"start":{"line":109,"column":4},"end":{"line":122,"column":5}},"type":"if","locations":[{"start":{"line":109,"column":4},"end":{"line":122,"column":5}},{"start":{"line":109,"column":4},"end":{"line":122,"column":5}}],"line":109},"2":{"loc":{"start":{"line":117,"column":11},"end":{"line":122,"column":5}},"type":"if","locations":[{"start":{"line":117,"column":11},"end":{"line":122,"column":5}},{"start":{"line":117,"column":11},"end":{"line":122,"column":5}}],"line":117},"3":{"loc":{"start":{"line":117,"column":15},"end":{"line":117,"column":47}},"type":"binary-expr","locations":[{"start":{"line":117,"column":15},"end":{"line":117,"column":32}},{"start":{"line":117,"column":36},"end":{"line":117,"column":47}}],"line":117},"4":{"loc":{"start":{"line":130,"column":4},"end":{"line":137,"column":5}},"type":"if","locations":[{"start":{"line":130,"column":4},"end":{"line":137,"column":5}},{"start":{"line":130,"column":4},"end":{"line":137,"column":5}}],"line":130},"5":{"loc":{"start":{"line":130,"column":8},"end":{"line":131,"column":62}},"type":"binary-expr","locations":[{"start":{"line":130,"column":8},"end":{"line":130,"column":40}},{"start":{"line":131,"column":4},"end":{"line":131,"column":62}}],"line":130}},"s":{"0":1,"1":1,"2":1,"3":1,"4":2,"5":2,"6":2,"7":2,"8":2,"9":2,"10":2,"11":0,"12":0,"13":0,"14":0,"15":0,"16":0,"17":0,"18":0,"19":0,"20":0,"21":2,"22":0,"23":0,"24":0,"25":0,"26":0,"27":0,"28":0,"29":0,"30":0,"31":2,"32":2,"33":0,"34":2,"35":0},"f":{"0":2,"1":2,"2":0,"3":0,"4":0,"5":2,"6":0,"7":0,"8":0,"9":0,"10":2,"11":2,"12":2,"13":0},"b":{"0":[0,0],"1":[0,0],"2":[0,0],"3":[0,0],"4":[0,2],"5":[2,0]},"_coverageSchema":"1a1c01bbd47fc00a2c39e90264f33305004495a9","hash":"bb7c0ce04c72b29ef603a049d04af012e860848b"}
,"/Users/xingvoong/Desktop/hack_reactor/fec/client/src/components/Reviews/ReviewList/ReviewTile.jsx": {"path":"/Users/xingvoong/Desktop/hack_reactor/fec/client/src/components/Reviews/ReviewList/ReviewTile.jsx","statementMap":{"0":{"start":{"line":11,"column":29},"end":{"line":15,"column":1}},"1":{"start":{"line":16,"column":29},"end":{"line":22,"column":1}},"2":{"start":{"line":24,"column":32},"end":{"line":27,"column":1}},"3":{"start":{"line":29,"column":20},"end":{"line":32,"column":1}},"4":{"start":{"line":34,"column":23},"end":{"line":36,"column":1}},"5":{"start":{"line":38,"column":18},"end":{"line":41,"column":1}},"6":{"start":{"line":43,"column":22},"end":{"line":45,"column":1}},"7":{"start":{"line":47,"column":27},"end":{"line":52,"column":1}},"8":{"start":{"line":54,"column":31},"end":{"line":60,"column":1}},"9":{"start":{"line":62,"column":20},"end":{"line":67,"column":1}},"10":{"start":{"line":69,"column":22},"end":{"line":79,"column":1}},"11":{"start":{"line":81,"column":25},"end":{"line":91,"column":1}},"12":{"start":{"line":97,"column":4},"end":{"line":97,"column":17}},"13":{"start":{"line":98,"column":4},"end":{"line":110,"column":6}},"14":{"start":{"line":111,"column":4},"end":{"line":111,"column":55}},"15":{"start":{"line":112,"column":4},"end":{"line":112,"column":59}},"16":{"start":{"line":113,"column":4},"end":{"line":113,"column":53}},"17":{"start":{"line":118,"column":4},"end":{"line":129,"column":7}},"18":{"start":{"line":134,"column":4},"end":{"line":136,"column":42}},"19":{"start":{"line":136,"column":22},"end":{"line":136,"column":40}},"20":{"start":{"line":140,"column":4},"end":{"line":147,"column":5}},"21":{"start":{"line":141,"column":6},"end":{"line":146,"column":9}},"22":{"start":{"line":142,"column":8},"end":{"line":145,"column":10}},"23":{"start":{"line":148,"column":4},"end":{"line":148,"column":54}},"24":{"start":{"line":149,"column":4},"end":{"line":149,"column":17}},"25":{"start":{"line":153,"column":20},"end":{"line":153,"column":47}},"26":{"start":{"line":154,"column":4},"end":{"line":156,"column":42}},"27":{"start":{"line":156,"column":22},"end":{"line":156,"column":40}},"28":{"start":{"line":160,"column":18},"end":{"line":160,"column":33}},"29":{"start":{"line":161,"column":24},"end":{"line":161,"column":62}},"30":{"start":{"line":162,"column":4},"end":{"line":164,"column":5}},"31":{"start":{"line":163,"column":22},"end":{"line":163,"column":129}},"32":{"start":{"line":165,"column":4},"end":{"line":225,"column":6}},"33":{"start":{"line":185,"column":12},"end":{"line":188,"column":14}}},"fnMap":{"0":{"name":"(anonymous_0)","decl":{"start":{"line":96,"column":2},"end":{"line":96,"column":3}},"loc":{"start":{"line":96,"column":21},"end":{"line":114,"column":3}},"line":96},"1":{"name":"(anonymous_1)","decl":{"start":{"line":117,"column":2},"end":{"line":117,"column":3}},"loc":{"start":{"line":117,"column":22},"end":{"line":130,"column":3}},"line":117},"2":{"name":"(anonymous_2)","decl":{"start":{"line":133,"column":2},"end":{"line":133,"column":3}},"loc":{"start":{"line":133,"column":29},"end":{"line":137,"column":3}},"line":133},"3":{"name":"(anonymous_3)","decl":{"start":{"line":136,"column":13},"end":{"line":136,"column":14}},"loc":{"start":{"line":136,"column":22},"end":{"line":136,"column":40}},"line":136},"4":{"name":"(anonymous_4)","decl":{"start":{"line":139,"column":2},"end":{"line":139,"column":3}},"loc":{"start":{"line":139,"column":18},"end":{"line":150,"column":3}},"line":139},"5":{"name":"(anonymous_5)","decl":{"start":{"line":141,"column":20},"end":{"line":141,"column":21}},"loc":{"start":{"line":141,"column":31},"end":{"line":146,"column":7}},"line":141},"6":{"name":"(anonymous_6)","decl":{"start":{"line":152,"column":2},"end":{"line":152,"column":3}},"loc":{"start":{"line":152,"column":17},"end":{"line":157,"column":3}},"line":152},"7":{"name":"(anonymous_7)","decl":{"start":{"line":156,"column":13},"end":{"line":156,"column":14}},"loc":{"start":{"line":156,"column":22},"end":{"line":156,"column":40}},"line":156},"8":{"name":"(anonymous_8)","decl":{"start":{"line":159,"column":2},"end":{"line":159,"column":3}},"loc":{"start":{"line":159,"column":11},"end":{"line":226,"column":3}},"line":159},"9":{"name":"(anonymous_9)","decl":{"start":{"line":184,"column":33},"end":{"line":184,"column":34}},"loc":{"start":{"line":185,"column":12},"end":{"line":188,"column":14}},"line":185}},"branchMap":{"0":{"loc":{"start":{"line":140,"column":4},"end":{"line":147,"column":5}},"type":"if","locations":[{"start":{"line":140,"column":4},"end":{"line":147,"column":5}},{"start":{"line":140,"column":4},"end":{"line":147,"column":5}}],"line":140},"1":{"loc":{"start":{"line":162,"column":4},"end":{"line":164,"column":5}},"type":"if","locations":[{"start":{"line":162,"column":4},"end":{"line":164,"column":5}},{"start":{"line":162,"column":4},"end":{"line":164,"column":5}}],"line":162}},"s":{"0":1,"1":1,"2":1,"3":1,"4":1,"5":1,"6":1,"7":1,"8":1,"9":1,"10":1,"11":1,"12":0,"13":0,"14":0,"15":0,"16":0,"17":0,"18":0,"19":0,"20":0,"21":0,"22":0,"23":0,"24":0,"25":0,"26":0,"27":0,"28":0,"29":0,"30":0,"31":0,"32":0,"33":0},"f":{"0":0,"1":0,"2":0,"3":0,"4":0,"5":0,"6":0,"7":0,"8":0,"9":0},"b":{"0":[0,0],"1":[0,0]},"_coverageSchema":"1a1c01bbd47fc00a2c39e90264f33305004495a9","hash":"3bbf62478944f39087dd91412a463d4e25ee67c8"}
,"/Users/xingvoong/Desktop/hack_reactor/fec/client/src/components/Reviews/ReviewList/TotalSort.jsx": {"path":"/Users/xingvoong/Desktop/hack_reactor/fec/client/src/components/Reviews/ReviewList/TotalSort.jsx","statementMap":{"0":{"start":{"line":4,"column":18},"end":{"line":6,"column":1}},"1":{"start":{"line":10,"column":4},"end":{"line":10,"column":17}},"2":{"start":{"line":11,"column":4},"end":{"line":13,"column":6}},"3":{"start":{"line":17,"column":4},"end":{"line":21,"column":6}}},"fnMap":{"0":{"name":"(anonymous_0)","decl":{"start":{"line":9,"column":2},"end":{"line":9,"column":3}},"loc":{"start":{"line":9,"column":21},"end":{"line":14,"column":3}},"line":9},"1":{"name":"(anonymous_1)","decl":{"start":{"line":16,"column":2},"end":{"line":16,"column":3}},"loc":{"start":{"line":16,"column":11},"end":{"line":22,"column":3}},"line":16}},"branchMap":{},"s":{"0":1,"1":2,"2":2,"3":2},"f":{"0":2,"1":2},"b":{},"_coverageSchema":"1a1c01bbd47fc00a2c39e90264f33305004495a9","hash":"a8dd737a9752ea3da1f5645515d94ea1aea8c305"}
,"/Users/xingvoong/Desktop/hack_reactor/fec/client/src/components/Reviews/ReviewList/WriteReview.jsx": {"path":"/Users/xingvoong/Desktop/hack_reactor/fec/client/src/components/Reviews/ReviewList/WriteReview.jsx","statementMap":{"0":{"start":{"line":6,"column":4},"end":{"line":6,"column":17}},"1":{"start":{"line":7,"column":4},"end":{"line":13,"column":5}},"2":{"start":{"line":17,"column":4},"end":{"line":37,"column":5}}},"fnMap":{"0":{"name":"(anonymous_0)","decl":{"start":{"line":5,"column":2},"end":{"line":5,"column":3}},"loc":{"start":{"line":5,"column":21},"end":{"line":14,"column":3}},"line":5},"1":{"name":"(anonymous_1)","decl":{"start":{"line":16,"column":2},"end":{"line":16,"column":3}},"loc":{"start":{"line":16,"column":11},"end":{"line":38,"column":3}},"line":16}},"branchMap":{},"s":{"0":2,"1":2,"2":2},"f":{"0":2,"1":2},"b":{},"_coverageSchema":"1a1c01bbd47fc00a2c39e90264f33305004495a9","hash":"fd242d0a88298373d86b6114ac0753ecf5329b14"}
,"/Users/xingvoong/Desktop/hack_reactor/fec/server/config.js": {"path":"/Users/xingvoong/Desktop/hack_reactor/fec/server/config.js","statementMap":{"0":{"start":{"line":2,"column":0},"end":{"line":4,"column":2}}},"fnMap":{},"branchMap":{},"s":{"0":1},"f":{},"b":{},"_coverageSchema":"1a1c01bbd47fc00a2c39e90264f33305004495a9","hash":"3cb6309d023980bc96ab9e3044937993414040ac"}
}
