TN:
SF:client/src/components/App.jsx
FN:11,(anonymous_0)
FN:12,(anonymous_1)
FN:13,(anonymous_2)
FN:29,(anonymous_3)
FNF:4
FNH:4
FNDA:1,(anonymous_0)
FNDA:1,(anonymous_1)
FNDA:1,(anonymous_2)
FNDA:1,(anonymous_3)
DA:11,1
DA:12,1
DA:13,1
DA:15,1
DA:23,1
DA:29,1
DA:30,1
DA:32,1
LF:8
LH:8
BRF:0
BRH:0
end_of_record
TN:
SF:client/src/components/Loading.jsx
FN:3,(anonymous_0)
FNF:1
FNH:1
FNDA:3,(anonymous_0)
DA:3,1
DA:4,3
LF:2
LH:2
BRF:0
BRH:0
end_of_record
TN:
SF:client/src/components/Header/Header.jsx
FN:18,(anonymous_0)
FNF:1
FNH:1
FNDA:1,(anonymous_0)
DA:4,1
DA:12,1
DA:18,1
DA:19,1
LF:4
LH:4
BRF:0
BRH:0
end_of_record
TN:
SF:client/src/components/QA/QA.jsx
FN:8,(anonymous_0)
FN:26,(anonymous_1)
FN:31,(anonymous_2)
FN:33,(anonymous_3)
FN:36,(anonymous_4)
FN:41,(anonymous_5)
FN:42,(anonymous_6)
FN:48,(anonymous_7)
FNF:8
FNH:5
FNDA:1,(anonymous_0)
FNDA:2,(anonymous_1)
FNDA:1,(anonymous_2)
FNDA:0,(anonymous_3)
FNDA:0,(anonymous_4)
FNDA:1,(anonymous_5)
FNDA:0,(anonymous_6)
FNDA:1,(anonymous_7)
DA:8,1
DA:11,1
DA:15,1
DA:26,1
DA:27,2
DA:28,2
DA:29,2
DA:31,2
DA:32,1
DA:34,0
DA:37,0
DA:41,2
DA:42,1
DA:43,1
DA:44,1
DA:47,2
DA:52,2
LF:17
LH:15
BRDA:57,0,0,1
BRDA:57,0,1,1
BRF:2
BRH:2
end_of_record
TN:
SF:client/src/components/QA/QuestionsList.jsx
FN:7,(anonymous_0)
FN:26,(anonymous_1)
FN:33,(anonymous_2)
FN:38,(anonymous_3)
FN:46,(anonymous_4)
FN:48,(anonymous_5)
FN:51,(anonymous_6)
FN:58,(anonymous_7)
FN:81,(anonymous_8)
FNF:9
FNH:0
FNDA:0,(anonymous_0)
FNDA:0,(anonymous_1)
FNDA:0,(anonymous_2)
FNDA:0,(anonymous_3)
FNDA:0,(anonymous_4)
FNDA:0,(anonymous_5)
FNDA:0,(anonymous_6)
FNDA:0,(anonymous_7)
FNDA:0,(anonymous_8)
DA:7,1
DA:9,1
DA:16,1
DA:26,1
DA:27,0
DA:28,0
DA:29,0
DA:33,0
DA:34,0
DA:35,0
DA:38,0
DA:39,0
DA:46,0
DA:47,0
DA:48,0
DA:51,0
DA:52,0
DA:53,0
DA:58,0
DA:60,0
DA:61,0
DA:62,0
DA:63,0
DA:68,0
DA:69,0
DA:77,0
DA:82,0
LF:27
LH:4
BRDA:60,0,0,0
BRDA:60,0,1,0
BRDA:60,1,0,0
BRDA:60,1,1,0
BRDA:62,2,0,0
BRDA:62,2,1,0
BRDA:62,3,0,0
BRDA:62,3,1,0
BRDA:68,4,0,0
BRDA:68,4,1,0
BRDA:80,5,0,0
BRDA:80,5,1,0
BRF:12
BRH:0
end_of_record
TN:
SF:client/src/components/RelatedProducts/Carousel.jsx
FN:7,(anonymous_0)
FN:58,(anonymous_1)
FN:61,(anonymous_2)
FN:74,(anonymous_3)
FN:88,(anonymous_4)
FN:95,(anonymous_5)
FNF:6
FNH:0
FNDA:0,(anonymous_0)
FNDA:0,(anonymous_1)
FNDA:0,(anonymous_2)
FNDA:0,(anonymous_3)
FNDA:0,(anonymous_4)
FNDA:0,(anonymous_5)
DA:7,1
DA:9,1
DA:17,1
DA:25,1
DA:33,1
DA:42,1
DA:48,1
DA:58,1
DA:59,0
DA:61,0
DA:62,0
DA:63,0
DA:64,0
DA:65,0
DA:67,0
DA:70,0
DA:75,0
DA:76,0
DA:89,0
DA:96,0
DA:97,0
LF:21
LH:8
BRDA:62,0,0,0
BRDA:62,0,1,0
BRDA:64,1,0,0
BRDA:64,1,1,0
BRDA:78,2,0,0
BRDA:78,2,1,0
BRDA:83,3,0,0
BRDA:83,3,1,0
BRDA:83,4,0,0
BRDA:83,4,1,0
BRDA:99,5,0,0
BRDA:99,5,1,0
BRF:12
BRH:0
end_of_record
TN:
SF:client/src/components/RelatedProducts/RelatedContext.jsx
FNF:0
FNH:0
DA:3,1
LF:1
LH:1
BRF:0
BRH:0
end_of_record
TN:
SF:client/src/components/RelatedProducts/RelatedProducts.jsx
FN:10,(anonymous_0)
FN:11,(anonymous_1)
FN:28,(anonymous_2)
FN:40,(anonymous_3)
FN:50,(anonymous_4)
FN:60,(anonymous_5)
FN:65,(anonymous_6)
FN:84,(anonymous_7)
FN:86,(anonymous_8)
FN:93,(anonymous_9)
FN:98,(anonymous_10)
FN:105,(anonymous_11)
FN:113,(anonymous_12)
FN:119,(anonymous_13)
FNF:14
FNH:5
FNDA:1,(anonymous_0)
FNDA:0,(anonymous_1)
FNDA:2,(anonymous_2)
FNDA:1,(anonymous_3)
FNDA:0,(anonymous_4)
FNDA:0,(anonymous_5)
FNDA:0,(anonymous_6)
FNDA:1,(anonymous_7)
FNDA:0,(anonymous_8)
FNDA:0,(anonymous_9)
FNDA:1,(anonymous_10)
FNDA:0,(anonymous_11)
FNDA:0,(anonymous_12)
FNDA:0,(anonymous_13)
DA:10,1
DA:11,1
DA:13,1
DA:19,1
DA:28,1
DA:31,2
DA:32,2
DA:33,2
DA:34,2
DA:35,2
DA:36,2
DA:37,2
DA:38,2
DA:40,2
DA:41,1
DA:42,1
DA:43,1
DA:44,1
DA:45,0
DA:46,0
DA:47,0
DA:48,0
DA:50,0
DA:51,0
DA:54,1
DA:56,0
DA:60,2
DA:61,0
DA:62,0
DA:65,2
DA:66,0
DA:67,0
DA:74,0
DA:76,0
DA:78,0
DA:84,2
DA:85,1
DA:87,0
DA:89,0
DA:90,0
DA:91,0
DA:94,0
DA:98,2
DA:99,1
DA:105,2
DA:106,0
DA:107,0
DA:108,0
DA:109,0
DA:112,0
DA:113,0
DA:114,0
DA:119,2
DA:120,0
DA:121,0
DA:122,0
DA:123,0
DA:124,0
DA:125,0
DA:126,0
DA:127,0
DA:128,0
DA:133,2
LF:63
LH:28
BRDA:108,0,0,0
BRDA:108,0,1,0
BRDA:112,1,0,0
BRDA:112,1,1,0
BRDA:121,2,0,0
BRDA:121,2,1,0
BRDA:123,3,0,0
BRDA:123,3,1,0
BRDA:138,4,0,0
BRDA:138,4,1,2
BRDA:145,5,0,1
BRDA:145,5,1,1
BRF:12
BRH:3
end_of_record
TN:
SF:client/src/components/Reviews/Reviews.jsx
FN:19,(anonymous_0)
FN:27,(anonymous_1)
FN:33,(anonymous_2)
FNF:3
FNH:2
FNDA:2,(anonymous_0)
FNDA:0,(anonymous_1)
FNDA:2,(anonymous_2)
DA:6,1
DA:11,1
DA:20,2
DA:21,2
DA:24,2
DA:28,0
DA:34,2
LF:7
LH:6
BRF:0
BRH:0
end_of_record
TN:
SF:client/src/components/Reviews/Styles.jsx
FN:12,(anonymous_0)
FN:12,(anonymous_1)
FNF:2
FNH:2
FNDA:2,(anonymous_0)
FNDA:2,(anonymous_1)
DA:3,1
DA:12,2
LF:2
LH:2
BRF:0
BRH:0
end_of_record
TN:
SF:client/src/components/Reviews/RatingBreakdown/Bar.jsx
FN:40,(anonymous_0)
FN:49,(anonymous_1)
FN:51,(anonymous_2)
FN:56,(anonymous_3)
FNF:4
FNH:0
FNDA:0,(anonymous_0)
FNDA:0,(anonymous_1)
FNDA:0,(anonymous_2)
FNDA:0,(anonymous_3)
DA:4,1
DA:14,1
DA:26,1
DA:33,1
DA:41,0
DA:42,0
DA:46,0
DA:50,0
DA:51,0
DA:58,0
DA:64,0
LF:11
LH:4
BRF:0
BRH:0
end_of_record
TN:
SF:client/src/components/Reviews/RatingBreakdown/Breakdown.jsx
FN:6,(anonymous_0)
FN:13,(anonymous_1)
FN:19,(anonymous_2)
FN:23,(anonymous_3)
FNF:4
FNH:3
FNDA:2,(anonymous_0)
FNDA:2,(anonymous_1)
FNDA:2,(anonymous_2)
FNDA:0,(anonymous_3)
DA:7,2
DA:8,2
DA:14,2
DA:20,2
DA:21,0
DA:24,0
DA:32,2
LF:7
LH:5
BRDA:20,0,0,0
BRDA:20,0,1,2
BRF:2
BRH:1
end_of_record
TN:
SF:client/src/components/Reviews/RatingBreakdown/Characteristics.jsx
FN:13,(anonymous_0)
FN:19,(anonymous_1)
FNF:2
FNH:1
FNDA:2,(anonymous_0)
FNDA:0,(anonymous_1)
DA:6,1
DA:10,1
DA:13,1
DA:15,2
DA:16,2
DA:20,0
LF:6
LH:5
BRF:0
BRH:0
end_of_record
TN:
SF:client/src/components/Reviews/RatingBreakdown/FactorBar.jsx
FN:7,(anonymous_0)
FN:132,FactorBar
FNF:2
FNH:0
FNDA:0,(anonymous_0)
FNDA:0,FactorBar
DA:7,1
DA:13,1
DA:100,1
DA:133,0
DA:134,0
DA:135,0
LF:6
LH:3
BRF:0
BRH:0
end_of_record
TN:
SF:client/src/components/Reviews/RatingBreakdown/RatingBreakdown.jsx
FN:32,(anonymous_0)
FN:45,(anonymous_1)
FN:53,(anonymous_2)
FN:56,(anonymous_3)
FN:59,(anonymous_4)
FN:89,(anonymous_5)
FN:93,(anonymous_6)
FNF:7
FNH:4
FNDA:2,(anonymous_0)
FNDA:2,(anonymous_1)
FNDA:0,(anonymous_2)
FNDA:0,(anonymous_3)
FNDA:0,(anonymous_4)
FNDA:2,(anonymous_5)
FNDA:2,(anonymous_6)
DA:10,1
DA:15,1
DA:20,1
DA:27,1
DA:33,2
DA:34,2
DA:41,2
DA:42,2
DA:46,2
DA:54,0
DA:56,0
DA:60,0
DA:61,0
DA:62,0
DA:63,0
DA:64,0
DA:65,0
DA:67,0
DA:68,0
DA:69,0
DA:72,0
DA:73,0
DA:74,0
DA:76,0
DA:80,0
DA:90,2
DA:94,2
LF:27
LH:11
BRDA:73,0,0,0
BRDA:73,0,1,0
BRF:2
BRH:0
end_of_record
TN:
SF:client/src/components/Reviews/ReviewList/Photo.jsx
FN:16,(anonymous_0)
FN:25,(anonymous_1)
FN:32,(anonymous_2)
FN:44,(anonymous_3)
FNF:4
FNH:0
FNDA:0,(anonymous_0)
FNDA:0,(anonymous_1)
FNDA:0,(anonymous_2)
FNDA:0,(anonymous_3)
DA:7,1
DA:17,0
DA:19,0
DA:26,0
DA:27,0
DA:29,0
DA:32,0
DA:44,0
LF:8
LH:1
BRDA:41,0,0,0
BRDA:41,0,1,0
BRF:2
BRH:0
end_of_record
TN:
SF:client/src/components/Reviews/ReviewList/ReviewList.jsx
FN:41,(anonymous_0)
FN:56,(anonymous_1)
FN:62,(anonymous_2)
FN:65,(anonymous_3)
FN:73,(anonymous_4)
FN:84,(anonymous_5)
FN:92,(anonymous_6)
FN:99,(anonymous_7)
FN:105,(anonymous_8)
FN:111,(anonymous_9)
FN:125,(anonymous_10)
FN:129,(anonymous_11)
FN:140,(anonymous_12)
FN:145,(anonymous_13)
FNF:14
FNH:6
FNDA:2,(anonymous_0)
FNDA:2,(anonymous_1)
FNDA:0,(anonymous_2)
FNDA:0,(anonymous_3)
FNDA:0,(anonymous_4)
FNDA:2,(anonymous_5)
FNDA:0,(anonymous_6)
FNDA:0,(anonymous_7)
FNDA:0,(anonymous_8)
FNDA:0,(anonymous_9)
FNDA:2,(anonymous_10)
FNDA:2,(anonymous_11)
FNDA:2,(anonymous_12)
FNDA:0,(anonymous_13)
DA:9,1
DA:13,1
DA:23,1
DA:34,1
DA:42,2
DA:43,2
DA:50,2
DA:51,2
DA:52,2
DA:53,2
DA:57,2
DA:63,0
DA:64,0
DA:65,0
DA:66,0
DA:74,0
DA:75,0
DA:76,0
DA:77,0
DA:81,0
DA:85,2
DA:93,0
DA:100,0
DA:106,0
DA:107,0
DA:109,0
DA:111,0
DA:112,0
DA:117,0
DA:118,0
DA:126,2
DA:130,2
DA:132,0
DA:141,2
DA:146,0
LF:35
LH:15
BRDA:76,0,0,0
BRDA:76,0,1,0
BRDA:109,1,0,0
BRDA:109,1,1,0
BRDA:117,2,0,0
BRDA:117,2,1,0
BRDA:117,3,0,0
BRDA:117,3,1,0
BRDA:130,4,0,0
BRDA:130,4,1,2
BRDA:130,5,0,2
BRDA:130,5,1,0
BRF:12
BRH:2
end_of_record
TN:
SF:client/src/components/Reviews/ReviewList/ReviewTile.jsx
FN:96,(anonymous_0)
FN:117,(anonymous_1)
FN:133,(anonymous_2)
FN:136,(anonymous_3)
FN:139,(anonymous_4)
FN:141,(anonymous_5)
FN:152,(anonymous_6)
FN:156,(anonymous_7)
FN:159,(anonymous_8)
FN:184,(anonymous_9)
FNF:10
FNH:0
FNDA:0,(anonymous_0)
FNDA:0,(anonymous_1)
FNDA:0,(anonymous_2)
FNDA:0,(anonymous_3)
FNDA:0,(anonymous_4)
FNDA:0,(anonymous_5)
FNDA:0,(anonymous_6)
FNDA:0,(anonymous_7)
FNDA:0,(anonymous_8)
FNDA:0,(anonymous_9)
DA:11,1
DA:16,1
DA:24,1
DA:29,1
DA:34,1
DA:38,1
DA:43,1
DA:47,1
DA:54,1
DA:62,1
DA:69,1
DA:81,1
DA:97,0
DA:98,0
DA:111,0
DA:112,0
DA:113,0
DA:118,0
DA:134,0
DA:136,0
DA:140,0
DA:141,0
DA:142,0
DA:148,0
DA:149,0
DA:153,0
DA:154,0
DA:156,0
DA:160,0
DA:161,0
DA:162,0
DA:163,0
DA:165,0
DA:185,0
LF:34
LH:12
BRDA:140,0,0,0
BRDA:140,0,1,0
BRDA:162,1,0,0
BRDA:162,1,1,0
BRF:4
BRH:0
end_of_record
TN:
SF:client/src/components/Reviews/ReviewList/TotalSort.jsx
FN:9,(anonymous_0)
FN:16,(anonymous_1)
FNF:2
FNH:2
FNDA:2,(anonymous_0)
FNDA:2,(anonymous_1)
DA:4,1
DA:10,2
DA:11,2
DA:17,2
LF:4
LH:4
BRF:0
BRH:0
end_of_record
TN:
SF:client/src/components/Reviews/ReviewList/WriteReview.jsx
FN:5,(anonymous_0)
FN:16,(anonymous_1)
FNF:2
FNH:2
FNDA:2,(anonymous_0)
FNDA:2,(anonymous_1)
DA:6,2
DA:7,2
DA:17,2
LF:3
LH:3
BRF:0
BRH:0
end_of_record
TN:
SF:server/config.js
FNF:0
FNH:0
DA:2,1
LF:1
LH:1
BRF:0
BRH:0
end_of_record
